<?xml version="1.0" encoding="UTF-8"?>
<!-- Generated by org.testng.reporters.JUnitReportReporter -->
<testsuite skipped="0" hostname="ATMECSINLT-085" name="org.atmecs.practo.testscripts.PractoHome" tests="1" failures="0" timestamp="11 Sep 2019 14:52:03 GMT" time="29.054" errors="0">
  <testcase name="practohome" time="29.054" classname="org.atmecs.practo.testscripts.PractoHome"/>
</testsuite> <!-- org.atmecs.practo.testscripts.PractoHome -->
